<?xml version="1.0" encoding="UTF-8"?>
<!-- Generated by org.testng.reporters.JUnitReportReporter -->
<testsuite hostname="DESKTOP-6E13JVC" failures="0" tests="1" name="com.bridgelabz.spotify.SpotifyApi" time="2.872" errors="0" timestamp="2022-07-01T12:17:02 IST" skipped="0">
  <testcase classname="com.bridgelabz.spotify.SpotifyApi" name="test_GetUsersPlaylists" time="2.872"/>
  <system-out/>
</testsuite> <!-- com.bridgelabz.spotify.SpotifyApi -->
