<?xml version="1.0" encoding="UTF-8"?>
<!-- Generated by org.testng.reporters.JUnitReportReporter -->
<testsuite hostname="DESKTOP-6E13JVC" failures="0" tests="1" name="com.bridgelabz.spotify.SpotifyApi" time="3.138" errors="0" timestamp="2022-07-01T12:49:40 IST" skipped="0">
  <testcase classname="com.bridgelabz.spotify.SpotifyApi" name="test_UpdatePlaylistItems" time="3.138"/>
  <system-out/>
</testsuite> <!-- com.bridgelabz.spotify.SpotifyApi -->
